Build started 2015-11-22 8:11:55 AM.
     1>Project "T:\Take\Y4\CPEN 333\Assignment 1 - Elevator\CPEN-333-Assignment-1---Elevator\Demon\Demon\Demon.vcxproj" on node 4 (build target(s)).
     1>InitializeBuildStatus:
         Creating "Debug\Demon.unsuccessfulbuild" because "AlwaysCreate" was specified.
       ClCompile:
         T:\Microsoft Visual Studio 10.0\VC\bin\CL.exe /c /ZI /nologo /W3 /WX- /Od /Oy- /D WIN32 /D _DEBUG /D _CONSOLE /D _MBCS /Gm /EHsc /RTC1 /MDd /GS /fp:precise /Zc:wchar_t /Zc:forScope /Fo"Debug\\" /Fd"Debug\vc100.pdb" /Gd /TP /analyze- /errorReport:prompt dispatcher.cpp source.cpp
         dispatcher.cpp
         Generating Code...
         Compiling...
         source.cpp
     1>t:\take\y4\cpen 333\assignment 1 - elevator\cpen-333-assignment-1---elevator\demon\demon\source.cpp(33): error C2148: total size of array must not exceed 0x7fffffff bytes
     1>t:\take\y4\cpen 333\assignment 1 - elevator\cpen-333-assignment-1---elevator\demon\demon\source.cpp(33): error C2512: 'mydatapooldata' : no appropriate default constructor available
     1>t:\take\y4\cpen 333\assignment 1 - elevator\cpen-333-assignment-1---elevator\demon\demon\source.cpp(35): error C2079: 'ele1' uses undefined struct 'mydatapooldata'
     1>t:\take\y4\cpen 333\assignment 1 - elevator\cpen-333-assignment-1---elevator\demon\demon\source.cpp(35): error C2079: 'ele2' uses undefined struct 'mydatapooldata'
     1>t:\take\y4\cpen 333\assignment 1 - elevator\cpen-333-assignment-1---elevator\demon\demon\source.cpp(53): error C2027: use of undefined type 'mydatapooldata'
                 t:\take\y4\cpen 333\assignment 1 - elevator\cpen-333-assignment-1---elevator\demon\demon\dispatcher.h(4) : see declaration of 'mydatapooldata'
     1>t:\take\y4\cpen 333\assignment 1 - elevator\cpen-333-assignment-1---elevator\demon\demon\source.cpp(60): error C2036: 'mydatapooldata *' : unknown size
     1>t:\take\y4\cpen 333\assignment 1 - elevator\cpen-333-assignment-1---elevator\demon\demon\source.cpp(60): error C2582: 'operator =' function is unavailable in 'mydatapooldata'
     1>t:\take\y4\cpen 333\assignment 1 - elevator\cpen-333-assignment-1---elevator\demon\demon\source.cpp(71): error C2027: use of undefined type 'mydatapooldata'
                 t:\take\y4\cpen 333\assignment 1 - elevator\cpen-333-assignment-1---elevator\demon\demon\dispatcher.h(4) : see declaration of 'mydatapooldata'
     1>t:\take\y4\cpen 333\assignment 1 - elevator\cpen-333-assignment-1---elevator\demon\demon\source.cpp(78): error C2036: 'mydatapooldata *' : unknown size
     1>t:\take\y4\cpen 333\assignment 1 - elevator\cpen-333-assignment-1---elevator\demon\demon\source.cpp(78): error C2582: 'operator =' function is unavailable in 'mydatapooldata'
     1>t:\take\y4\cpen 333\assignment 1 - elevator\cpen-333-assignment-1---elevator\demon\demon\source.cpp(234): error C2036: 'mydatapooldata *' : unknown size
     1>t:\take\y4\cpen 333\assignment 1 - elevator\cpen-333-assignment-1---elevator\demon\demon\source.cpp(234): error C2027: use of undefined type 'mydatapooldata'
                 t:\take\y4\cpen 333\assignment 1 - elevator\cpen-333-assignment-1---elevator\demon\demon\dispatcher.h(4) : see declaration of 'mydatapooldata'
     1>t:\take\y4\cpen 333\assignment 1 - elevator\cpen-333-assignment-1---elevator\demon\demon\source.cpp(234): error C2228: left of '.usage' must have class/struct/union
     1>t:\take\y4\cpen 333\assignment 1 - elevator\cpen-333-assignment-1---elevator\demon\demon\source.cpp(235): error C2036: 'mydatapooldata *' : unknown size
     1>t:\take\y4\cpen 333\assignment 1 - elevator\cpen-333-assignment-1---elevator\demon\demon\source.cpp(235): error C2027: use of undefined type 'mydatapooldata'
                 t:\take\y4\cpen 333\assignment 1 - elevator\cpen-333-assignment-1---elevator\demon\demon\dispatcher.h(4) : see declaration of 'mydatapooldata'
     1>t:\take\y4\cpen 333\assignment 1 - elevator\cpen-333-assignment-1---elevator\demon\demon\source.cpp(235): error C2228: left of '.floor' must have class/struct/union
     1>t:\take\y4\cpen 333\assignment 1 - elevator\cpen-333-assignment-1---elevator\demon\demon\source.cpp(237): error C2036: 'mydatapooldata *' : unknown size
     1>t:\take\y4\cpen 333\assignment 1 - elevator\cpen-333-assignment-1---elevator\demon\demon\source.cpp(237): error C2027: use of undefined type 'mydatapooldata'
                 t:\take\y4\cpen 333\assignment 1 - elevator\cpen-333-assignment-1---elevator\demon\demon\dispatcher.h(4) : see declaration of 'mydatapooldata'
     1>t:\take\y4\cpen 333\assignment 1 - elevator\cpen-333-assignment-1---elevator\demon\demon\source.cpp(237): error C2228: left of '.direction' must have class/struct/union
     1>t:\take\y4\cpen 333\assignment 1 - elevator\cpen-333-assignment-1---elevator\demon\demon\source.cpp(239): error C2036: 'mydatapooldata *' : unknown size
     1>t:\take\y4\cpen 333\assignment 1 - elevator\cpen-333-assignment-1---elevator\demon\demon\source.cpp(239): error C2027: use of undefined type 'mydatapooldata'
                 t:\take\y4\cpen 333\assignment 1 - elevator\cpen-333-assignment-1---elevator\demon\demon\dispatcher.h(4) : see declaration of 'mydatapooldata'
     1>t:\take\y4\cpen 333\assignment 1 - elevator\cpen-333-assignment-1---elevator\demon\demon\source.cpp(239): error C2228: left of '.floor' must have class/struct/union
     1>t:\take\y4\cpen 333\assignment 1 - elevator\cpen-333-assignment-1---elevator\demon\demon\source.cpp(240): error C2036: 'mydatapooldata *' : unknown size
     1>t:\take\y4\cpen 333\assignment 1 - elevator\cpen-333-assignment-1---elevator\demon\demon\source.cpp(240): error C2027: use of undefined type 'mydatapooldata'
                 t:\take\y4\cpen 333\assignment 1 - elevator\cpen-333-assignment-1---elevator\demon\demon\dispatcher.h(4) : see declaration of 'mydatapooldata'
     1>t:\take\y4\cpen 333\assignment 1 - elevator\cpen-333-assignment-1---elevator\demon\demon\source.cpp(240): error C2228: left of '.floor' must have class/struct/union
     1>t:\take\y4\cpen 333\assignment 1 - elevator\cpen-333-assignment-1---elevator\demon\demon\source.cpp(244): error C2036: 'mydatapooldata *' : unknown size
     1>t:\take\y4\cpen 333\assignment 1 - elevator\cpen-333-assignment-1---elevator\demon\demon\source.cpp(244): error C2027: use of undefined type 'mydatapooldata'
                 t:\take\y4\cpen 333\assignment 1 - elevator\cpen-333-assignment-1---elevator\demon\demon\dispatcher.h(4) : see declaration of 'mydatapooldata'
     1>t:\take\y4\cpen 333\assignment 1 - elevator\cpen-333-assignment-1---elevator\demon\demon\source.cpp(244): error C2228: left of '.floor' must have class/struct/union
     1>t:\take\y4\cpen 333\assignment 1 - elevator\cpen-333-assignment-1---elevator\demon\demon\source.cpp(250): error C2036: 'mydatapooldata *' : unknown size
     1>t:\take\y4\cpen 333\assignment 1 - elevator\cpen-333-assignment-1---elevator\demon\demon\source.cpp(250): error C2027: use of undefined type 'mydatapooldata'
                 t:\take\y4\cpen 333\assignment 1 - elevator\cpen-333-assignment-1---elevator\demon\demon\dispatcher.h(4) : see declaration of 'mydatapooldata'
     1>t:\take\y4\cpen 333\assignment 1 - elevator\cpen-333-assignment-1---elevator\demon\demon\source.cpp(250): error C2228: left of '.floor' must have class/struct/union
     1>t:\take\y4\cpen 333\assignment 1 - elevator\cpen-333-assignment-1---elevator\demon\demon\source.cpp(253): error C2036: 'mydatapooldata *' : unknown size
     1>t:\take\y4\cpen 333\assignment 1 - elevator\cpen-333-assignment-1---elevator\demon\demon\source.cpp(253): error C2027: use of undefined type 'mydatapooldata'
                 t:\take\y4\cpen 333\assignment 1 - elevator\cpen-333-assignment-1---elevator\demon\demon\dispatcher.h(4) : see declaration of 'mydatapooldata'
     1>t:\take\y4\cpen 333\assignment 1 - elevator\cpen-333-assignment-1---elevator\demon\demon\source.cpp(253): error C2228: left of '.direction' must have class/struct/union
     1>t:\take\y4\cpen 333\assignment 1 - elevator\cpen-333-assignment-1---elevator\demon\demon\source.cpp(255): error C2036: 'mydatapooldata *' : unknown size
     1>t:\take\y4\cpen 333\assignment 1 - elevator\cpen-333-assignment-1---elevator\demon\demon\source.cpp(255): error C2027: use of undefined type 'mydatapooldata'
                 t:\take\y4\cpen 333\assignment 1 - elevator\cpen-333-assignment-1---elevator\demon\demon\dispatcher.h(4) : see declaration of 'mydatapooldata'
     1>t:\take\y4\cpen 333\assignment 1 - elevator\cpen-333-assignment-1---elevator\demon\demon\source.cpp(255): error C2228: left of '.floor' must have class/struct/union
     1>t:\take\y4\cpen 333\assignment 1 - elevator\cpen-333-assignment-1---elevator\demon\demon\source.cpp(258): error C2036: 'mydatapooldata *' : unknown size
     1>t:\take\y4\cpen 333\assignment 1 - elevator\cpen-333-assignment-1---elevator\demon\demon\source.cpp(258): error C2027: use of undefined type 'mydatapooldata'
                 t:\take\y4\cpen 333\assignment 1 - elevator\cpen-333-assignment-1---elevator\demon\demon\dispatcher.h(4) : see declaration of 'mydatapooldata'
     1>t:\take\y4\cpen 333\assignment 1 - elevator\cpen-333-assignment-1---elevator\demon\demon\source.cpp(258): error C2228: left of '.floor' must have class/struct/union
     1>t:\take\y4\cpen 333\assignment 1 - elevator\cpen-333-assignment-1---elevator\demon\demon\source.cpp(259): error C2036: 'mydatapooldata *' : unknown size
     1>t:\take\y4\cpen 333\assignment 1 - elevator\cpen-333-assignment-1---elevator\demon\demon\source.cpp(259): error C2027: use of undefined type 'mydatapooldata'
                 t:\take\y4\cpen 333\assignment 1 - elevator\cpen-333-assignment-1---elevator\demon\demon\dispatcher.h(4) : see declaration of 'mydatapooldata'
     1>t:\take\y4\cpen 333\assignment 1 - elevator\cpen-333-assignment-1---elevator\demon\demon\source.cpp(259): error C2228: left of '.floor' must have class/struct/union
     1>t:\take\y4\cpen 333\assignment 1 - elevator\cpen-333-assignment-1---elevator\demon\demon\source.cpp(263): error C2036: 'mydatapooldata *' : unknown size
     1>t:\take\y4\cpen 333\assignment 1 - elevator\cpen-333-assignment-1---elevator\demon\demon\source.cpp(263): error C2027: use of undefined type 'mydatapooldata'
                 t:\take\y4\cpen 333\assignment 1 - elevator\cpen-333-assignment-1---elevator\demon\demon\dispatcher.h(4) : see declaration of 'mydatapooldata'
     1>t:\take\y4\cpen 333\assignment 1 - elevator\cpen-333-assignment-1---elevator\demon\demon\source.cpp(263): error C2228: left of '.floor' must have class/struct/union
         Generating Code...
     1>Done Building Project "T:\Take\Y4\CPEN 333\Assignment 1 - Elevator\CPEN-333-Assignment-1---Elevator\Demon\Demon\Demon.vcxproj" (build target(s)) -- FAILED.

Build FAILED.

Time Elapsed 00:00:00.58
