Build started 2015-11-19 6:44:56 PM.
     1>Project "C:\Take\Y3\Training\ex4\Assignment1\Demon\ElevatorIO\ElevatorIO.vcxproj" on node 2 (build target(s)).
     1>InitializeBuildStatus:
         Creating "Debug\ElevatorIO.unsuccessfulbuild" because "AlwaysCreate" was specified.
       ClCompile:
         C:\Program Files (x86)\Microsoft Visual Studio 10.0\VC\bin\CL.exe /c /ZI /nologo /W3 /WX- /Od /Oy- /D WIN32 /D _DEBUG /D _CONSOLE /D _MBCS /Gm /EHsc /RTC1 /MDd /GS /fp:precise /Zc:wchar_t /Zc:forScope /Fo"Debug\\" /Fd"Debug\vc100.pdb" /Gd /TP /analyze- /errorReport:prompt ElevatorIO.cpp
         ElevatorIO.cpp
     1>c:\take\y3\training\ex4\assignment1\demon\elevatorio\elevatorio.cpp(826): warning C4996: 'getch': The POSIX name for this item is deprecated. Instead, use the ISO C++ conformant name: _getch. See online help for details.
                 c:\program files (x86)\microsoft visual studio 10.0\vc\include\conio.h(128) : see declaration of 'getch'
     1>c:\take\y3\training\ex4\assignment1\demon\elevatorio\elevatorio.cpp(838): warning C4996: 'getch': The POSIX name for this item is deprecated. Instead, use the ISO C++ conformant name: _getch. See online help for details.
                 c:\program files (x86)\microsoft visual studio 10.0\vc\include\conio.h(128) : see declaration of 'getch'
       ManifestResourceCompile:
         All outputs are up-to-date.
       Link:
         C:\Program Files (x86)\Microsoft Visual Studio 10.0\VC\bin\link.exe /ERRORREPORT:PROMPT /OUT:"C:\Take\Y3\Training\ex4\Assignment1\Demon\Debug\ElevatorIO.exe" /INCREMENTAL /NOLOGO kernel32.lib user32.lib gdi32.lib winspool.lib comdlg32.lib advapi32.lib shell32.lib ole32.lib oleaut32.lib uuid.lib odbc32.lib odbccp32.lib /MANIFEST /ManifestFile:"Debug\ElevatorIO.exe.intermediate.manifest" /MANIFESTUAC:"level='asInvoker' uiAccess='false'" /DEBUG /PDB:"C:\Take\Y3\Training\ex4\Assignment1\Demon\Debug\ElevatorIO.pdb" /SUBSYSTEM:CONSOLE /TLBID:1 /DYNAMICBASE /NXCOMPAT /IMPLIB:"C:\Take\Y3\Training\ex4\Assignment1\Demon\Debug\ElevatorIO.lib" /MACHINE:X86 Debug\ElevatorIO.exe.embed.manifest.res
         Debug\rt.obj
         Debug\ElevatorIO.obj
       Manifest:
         C:\Program Files (x86)\Microsoft SDKs\Windows\v7.0A\bin\mt.exe /nologo /verbose /out:"Debug\ElevatorIO.exe.embed.manifest" /manifest Debug\ElevatorIO.exe.intermediate.manifest
         All outputs are up-to-date.
       LinkEmbedManifest:
         All outputs are up-to-date.
         ElevatorIO.vcxproj -> C:\Take\Y3\Training\ex4\Assignment1\Demon\Debug\ElevatorIO.exe
       FinalizeBuildStatus:
         Deleting file "Debug\ElevatorIO.unsuccessfulbuild".
         Touching "Debug\ElevatorIO.lastbuildstate".
     1>Done Building Project "C:\Take\Y3\Training\ex4\Assignment1\Demon\ElevatorIO\ElevatorIO.vcxproj" (build target(s)).

Build succeeded.

Time Elapsed 00:00:01.80
