Build started 2015-11-23 9:45:57 AM.
     1>Project "T:\Take\Y4\CPEN 333\Assignment 1 - Elevator\CPEN-333-Assignment-1---Elevator\Demon\Otis1\Otis1.vcxproj" on node 3 (build target(s)).
     1>InitializeBuildStatus:
         Creating "Debug\Otis1.unsuccessfulbuild" because "AlwaysCreate" was specified.
       ClCompile:
         C:\Program Files (x86)\Microsoft Visual Studio 10.0\VC\bin\CL.exe /c /ZI /nologo /W3 /WX- /Od /Oy- /D WIN32 /D _DEBUG /D _CONSOLE /D _MBCS /Gm /EHsc /RTC1 /MDd /GS /fp:precise /Zc:wchar_t /Zc:forScope /Fo"Debug\\" /Fd"Debug\vc100.pdb" /Gd /TP /analyze- /errorReport:prompt Elevator1.cpp
         Elevator1.cpp
     1>t:\take\y4\cpen 333\assignment 1 - elevator\cpen-333-assignment-1---elevator\demon\otis1\elevator1.cpp(332): warning C4996: 'getch': The POSIX name for this item is deprecated. Instead, use the ISO C++ conformant name: _getch. See online help for details.
                 c:\program files (x86)\microsoft visual studio 10.0\vc\include\conio.h(128) : see declaration of 'getch'
       ManifestResourceCompile:
         All outputs are up-to-date.
       Link:
         C:\Program Files (x86)\Microsoft Visual Studio 10.0\VC\bin\link.exe /ERRORREPORT:PROMPT /OUT:"T:\Take\Y4\CPEN 333\Assignment 1 - Elevator\CPEN-333-Assignment-1---Elevator\Demon\Debug\Otis1.exe" /INCREMENTAL /NOLOGO kernel32.lib user32.lib gdi32.lib winspool.lib comdlg32.lib advapi32.lib shell32.lib ole32.lib oleaut32.lib uuid.lib odbc32.lib odbccp32.lib /MANIFEST /ManifestFile:"Debug\Otis1.exe.intermediate.manifest" /MANIFESTUAC:"level='asInvoker' uiAccess='false'" /DEBUG /PDB:"T:\Take\Y4\CPEN 333\Assignment 1 - Elevator\CPEN-333-Assignment-1---Elevator\Demon\Debug\Otis1.pdb" /SUBSYSTEM:CONSOLE /TLBID:1 /DYNAMICBASE /NXCOMPAT /IMPLIB:"T:\Take\Y4\CPEN 333\Assignment 1 - Elevator\CPEN-333-Assignment-1---Elevator\Demon\Debug\Otis1.lib" /MACHINE:X86 Debug\Otis1.exe.embed.manifest.res
         Debug\rt.obj
         Debug\Elevator1.obj
       Manifest:
         C:\Program Files (x86)\Microsoft SDKs\Windows\v7.0A\bin\mt.exe /nologo /verbose /out:"Debug\Otis1.exe.embed.manifest" /manifest Debug\Otis1.exe.intermediate.manifest
         All outputs are up-to-date.
       LinkEmbedManifest:
         All outputs are up-to-date.
         Otis1.vcxproj -> T:\Take\Y4\CPEN 333\Assignment 1 - Elevator\CPEN-333-Assignment-1---Elevator\Demon\Debug\Otis1.exe
       FinalizeBuildStatus:
         Deleting file "Debug\Otis1.unsuccessfulbuild".
         Touching "Debug\Otis1.lastbuildstate".
     1>Done Building Project "T:\Take\Y4\CPEN 333\Assignment 1 - Elevator\CPEN-333-Assignment-1---Elevator\Demon\Otis1\Otis1.vcxproj" (build target(s)).

Build succeeded.

Time Elapsed 00:00:02.41
